<?xml version="1.0" encoding="UTF-8"?>
<!-- Generated by org.testng.reporters.JUnitReportReporter -->
<testsuite skipped="0" hostname="VAIO" name="test.NewTest" tests="1" failures="0" timestamp="13 Apr 2018 04:52:01 GMT" time="0.021" errors="0">
  <testcase name="validation" time="0.021" classname="test.NewTest"/>
</testsuite> <!-- test.NewTest -->
